[12:41:22 INF] Game starting
[12:41:23 DBG] Game1 constructed (800x600)
[12:41:23 INF] Game initialised – showing welcome screen
[12:41:30 INF] Game started – waiting for first serve
[12:41:31 INF] Ball served towards Player 1
[12:41:32 INF] ScoreBoard updated – Player 2 now has 1 point(s)
[12:41:32 INF] Point scored by Player 2 – score is now 0:1
[12:41:35 INF] Game exited cleanly
[12:42:42 INF] Game starting
[12:42:42 DBG] Game1 constructed (800x600)
[12:42:42 INF] Game initialised – showing welcome screen
[12:42:44 INF] Game exited cleanly
[12:47:34 INF] Game starting
[12:47:34 DBG] Game1 constructed (800x600)
[12:47:34 INF] Game initialised – showing welcome screen
[12:47:39 INF] Game started – waiting for first serve
[12:47:40 INF] Game exited cleanly
[12:48:38 INF] Game starting
[12:48:38 DBG] Game1 constructed (800x600)
[12:48:38 INF] Game initialised – showing welcome screen
[12:48:40 INF] Game exited cleanly
[12:49:58 INF] Game starting
[12:49:59 DBG] Game1 constructed (800x600)
[12:49:59 INF] Game initialised – showing welcome screen
[12:50:03 INF] Game exited cleanly
[12:50:20 INF] Game starting
[12:50:20 DBG] Game1 constructed (800x600)
[12:50:20 INF] Game initialised – showing welcome screen
[12:50:24 INF] Game started – waiting for first serve
[12:50:25 INF] Ball served towards Player 1
[12:50:27 INF] ScoreBoard updated – Player 2 now has 1 point(s)
[12:50:27 INF] Point scored by Player 2 – score is now 0:1
[12:50:28 INF] Ball served towards Player 2
[12:50:29 DBG] Ball hit paddle 2
[12:50:31 DBG] Ball hit wall
[12:50:32 DBG] Ball hit paddle 1
[12:50:34 DBG] Ball hit paddle 2
[12:50:36 DBG] Ball hit wall
[12:50:37 DBG] Ball hit paddle 1
[12:50:37 DBG] Ball hit wall
[12:50:39 DBG] Ball hit paddle 2
[12:50:39 DBG] Ball hit wall
[12:50:40 INF] Game exited cleanly
[16:23:46 INF] Game starting
[16:23:46 DBG] Game1 constructed (800x600)
[16:23:46 INF] Game initialised – showing welcome screen
[16:23:51 INF] Game started – waiting for first serve
[16:23:53 INF] Ball served towards Player 1
[16:23:54 INF] ScoreBoard updated – Player 2 now has 1 point(s)
[16:23:54 INF] Point scored by Player 2 – score is now 0:1
[16:23:55 INF] Ball served towards Player 2
[16:23:57 DBG] Ball hit paddle 2
[16:23:57 DBG] Ball hit wall
[16:23:59 DBG] Ball hit wall
[16:24:00 INF] ScoreBoard updated – Player 2 now has 2 point(s)
[16:24:00 INF] Point scored by Player 2 – score is now 0:2
[16:24:01 INF] Ball served towards Player 2
[16:24:02 INF] ScoreBoard updated – Player 1 now has 1 point(s)
[16:24:02 INF] Point scored by Player 1 – score is now 1:2
[16:24:02 INF] Ball served towards Player 1
[16:24:04 INF] ScoreBoard updated – Player 2 now has 3 point(s)
[16:24:04 INF] Point scored by Player 2 – score is now 1:3
[16:24:05 INF] Ball served towards Player 2
[16:24:06 DBG] Ball hit paddle 2
[16:24:07 DBG] Ball hit wall
[16:24:08 DBG] Ball hit paddle 1
[16:24:09 DBG] Ball hit wall
[16:24:11 DBG] Ball hit paddle 2
[16:24:13 INF] ScoreBoard updated – Player 2 now has 4 point(s)
[16:24:13 INF] Point scored by Player 2 – score is now 1:4
[16:24:15 INF] Ball served towards Player 2
[16:24:16 DBG] Ball hit paddle 2
[16:24:16 DBG] Ball hit wall
[16:24:19 DBG] Ball hit paddle 1
[16:24:20 DBG] Ball hit wall
[16:24:22 DBG] Ball hit wall
[16:24:22 DBG] Ball hit paddle 2
[16:24:22 DBG] Ball hit wall
[16:24:24 DBG] Ball hit wall
[16:24:25 INF] ScoreBoard updated – Player 2 now has 5 point(s)
[16:24:25 INF] Point scored by Player 2 – score is now 1:5
[16:24:42 INF] Game exited cleanly
[16:25:00 INF] Game starting
[16:25:00 DBG] Game1 constructed (800x600)
[16:25:00 INF] Game initialised – showing welcome screen
[16:25:04 INF] Game started – waiting for first serve
[16:25:05 INF] Ball served towards Player 1
[16:25:07 INF] ScoreBoard updated – Player 2 now has 1 point(s)
[16:25:07 INF] Point scored by Player 2 – score is now 0:1
[16:25:23 INF] Ball served towards Player 2
[16:25:24 INF] ScoreBoard updated – Player 1 now has 1 point(s)
[16:25:24 INF] Point scored by Player 1 – score is now 1:1
[16:30:04 INF] Game exited cleanly
[16:30:56 INF] Game starting
[16:30:57 DBG] Game1 constructed (800x600)
[16:30:57 INF] Game initialised – showing welcome screen
[16:31:00 INF] Game started – waiting for first serve
[16:31:02 INF] Ball served towards Player 1
[16:31:03 INF] ScoreBoard updated – Player 2 now has 1 point(s)
[16:31:03 INF] Point scored by Player 2 – score is now 0:1
[16:31:04 INF] Game exited cleanly
[16:32:31 INF] Game starting
[16:32:31 DBG] Game1 constructed (800x600)
[16:32:31 INF] Game initialised – showing welcome screen
[16:32:36 INF] Game exited cleanly
[16:32:49 INF] Game starting
[16:32:49 DBG] Game1 constructed (800x600)
[16:32:49 INF] Game initialised – showing welcome screen
[16:32:54 INF] Game exited cleanly
[16:34:07 INF] Game starting
[16:34:08 DBG] Game1 constructed (800x600)
[16:34:08 INF] Game initialised – showing welcome screen
[16:34:12 INF] Game started – waiting for first serve
[16:34:15 INF] Ball served towards Player 1
[16:34:16 INF] ScoreBoard updated – Player 2 now has 1 point(s)
[16:34:16 INF] Point scored by Player 2 – score is now 0:1
[16:34:21 INF] Ball served towards Player 2
[16:34:23 INF] ScoreBoard updated – Player 1 now has 1 point(s)
[16:34:23 INF] Point scored by Player 1 – score is now 1:1
[16:34:31 INF] Ball served towards Player 1
[16:34:32 INF] ScoreBoard updated – Player 2 now has 2 point(s)
[16:34:32 INF] Point scored by Player 2 – score is now 1:2
[16:34:33 INF] Ball served towards Player 2
[16:34:35 INF] ScoreBoard updated – Player 1 now has 2 point(s)
[16:34:35 INF] Point scored by Player 1 – score is now 2:2
[16:37:01 INF] Game exited cleanly
